<?xml version="1.0" encoding="UTF-8"?>
<!-- Generated by org.testng.reporters.JUnitXMLReporter -->
<testsuite hostname="USCWVIQADW0025" name="Regression1" tests="3" failures="1" timestamp="6 Oct 2015 17:30:23 GMT" time="10.168" errors="0">
  <testcase name="@BeforeMethod beforeMethod" time="0.0" classname="spi.prod.testcases.VerifyMenuLinks_01">
    <failure type="org.openqa.selenium.remote.SessionNotFoundException" message="Session ID is null. Using WebDriver after calling quit()?
Build info: version: &amp;apos;2.45.0&amp;apos;, revision: &amp;apos;32a636c&amp;apos;, time: &amp;apos;2015-03-05 22:01:35&amp;apos;
System info: host: &amp;apos;USCWVIQADW0025&amp;apos;, ip: &amp;apos;10.32.10.120&amp;apos;, os.name: &amp;apos;Windows 7&amp;apos;, os.arch: &amp;apos;amd64&amp;apos;, os.version: &amp;apos;6.1&amp;apos;, java.version: &amp;apos;1.8.0_45&amp;apos;
Driver info: driver.version: RemoteWebDriver">
      <![CDATA[org.openqa.selenium.remote.SessionNotFoundException: Session ID is null. Using WebDriver after calling quit()?
Build info: version: '2.45.0', revision: '32a636c', time: '2015-03-05 22:01:35'
System info: host: 'USCWVIQADW0025', ip: '10.32.10.120', os.name: 'Windows 7', os.arch: 'amd64', os.version: '6.1', java.version: '1.8.0_45'
Driver info: driver.version: RemoteWebDriver
	at org.openqa.selenium.remote.HttpCommandExecutor.execute(HttpCommandExecutor.java:125)
	at org.openqa.selenium.remote.service.DriverCommandExecutor.execute(DriverCommandExecutor.java:66)
	at org.openqa.selenium.remote.RemoteWebDriver.execute(RemoteWebDriver.java:572)
	at org.openqa.selenium.remote.RemoteWebDriver.execute(RemoteWebDriver.java:622)
	at org.openqa.selenium.remote.RemoteWebDriver.getCurrentUrl(RemoteWebDriver.java:319)
	at spi.utility.Wrapper.getURL(Wrapper.java:29)
	at spi.prod.testcases.TestCaseBase01.beforeMethod(TestCaseBase01.java:37)
... Removed 26 stack frames]]>
    </failure>
  </testcase> <!-- @BeforeMethod beforeMethod -->
  <testcase name="@BeforeMethod beforeMethod" time="0.0" classname="spi.prod.testcases.NewTestCase">
    <skipped/>
  </testcase> <!-- @BeforeMethod beforeMethod -->
  <testcase name="run" time="0.014" classname="spi.prod.testcases.FailTestCaseExample">
    <failure type="java.lang.NullPointerException">
      <![CDATA[java.lang.NullPointerException
	at com.google.common.base.Preconditions.checkNotNull(Preconditions.java:210)
	at org.openqa.selenium.support.ui.FluentWait.<init>(FluentWait.java:94)
	at org.openqa.selenium.support.ui.WebDriverWait.<init>(WebDriverWait.java:70)
	at org.openqa.selenium.support.ui.WebDriverWait.<init>(WebDriverWait.java:44)
	at spi.pom.Samples_Page.<init>(Samples_Page.java:25)
	at spi.prod.testcases.FailTestCaseExample.run(FailTestCaseExample.java:22)
... Removed 24 stack frames]]>
    </failure>
  </testcase> <!-- run -->
  <testcase name="run01" time="0.0" classname="spi.prod.testcases.VerifyMenuLinks_01">
    <skipped/>
  </testcase> <!-- run01 -->
  <testcase name="run02" time="0.001" classname="spi.prod.testcases.NewTestCase">
    <skipped/>
  </testcase> <!-- run02 -->
</testsuite> <!-- Regression1 -->
